23:54:56 **** Incremental Build of configuration Debug for project Mini_Project2 ****
make all 
Building file: ../Mini_Project2.c
Invoking: AVR Compiler
avr-gcc -Wall -g2 -gstabs -O0 -fpack-struct -fshort-enums -ffunction-sections -fdata-sections -std=gnu99 -funsigned-char -funsigned-bitfields -mmcu=atmega16 -DF_CPU=1000000UL -MMD -MP -MF"Mini_Project2.d" -MT"Mini_Project2.d" -c -o "Mini_Project2.o" "../Mini_Project2.c"
In file included from ../micro_config.h:19,
                 from ../adc.h:11,
                 from ../Mini_Project2.c:8:
c:/winavr-20100110/lib/gcc/../../avr/include/util/delay.h:90:3: warning: #warning "Compiler optimizations disabled; functions from <util/delay.h> won't work as designed"
Finished building: ../Mini_Project2.c
 
Building file: ../adc.c
Invoking: AVR Compiler
avr-gcc -Wall -g2 -gstabs -O0 -fpack-struct -fshort-enums -ffunction-sections -fdata-sections -std=gnu99 -funsigned-char -funsigned-bitfields -mmcu=atmega16 -DF_CPU=1000000UL -MMD -MP -MF"adc.d" -MT"adc.d" -c -o "adc.o" "../adc.c"
In file included from ../micro_config.h:19,
                 from ../adc.h:11,
                 from ../adc.c:8:
c:/winavr-20100110/lib/gcc/../../avr/include/util/delay.h:90:3: warning: #warning "Compiler optimizations disabled; functions from <util/delay.h> won't work as designed"
Finished building: ../adc.c
 
Building file: ../lcd.c
Invoking: AVR Compiler
avr-gcc -Wall -g2 -gstabs -O0 -fpack-struct -fshort-enums -ffunction-sections -fdata-sections -std=gnu99 -funsigned-char -funsigned-bitfields -mmcu=atmega16 -DF_CPU=1000000UL -MMD -MP -MF"lcd.d" -MT"lcd.d" -c -o "lcd.o" "../lcd.c"
In file included from ../micro_config.h:19,
                 from ../lcd.h:13,
                 from ../lcd.c:8:
c:/winavr-20100110/lib/gcc/../../avr/include/util/delay.h:90:3: warning: #warning "Compiler optimizations disabled; functions from <util/delay.h> won't work as designed"
../lcd.c: In function 'LCD_intgerToString':
../lcd.c:99: warning: implicit declaration of function 'itoa'
Finished building: ../lcd.c
 
Building target: Mini_Project2.elf
Invoking: AVR C Linker
avr-gcc -Wl,-Map,Mini_Project2.map -mmcu=atmega16 -o "Mini_Project2.elf"  ./Mini_Project2.o ./adc.o ./lcd.o   
Finished building target: Mini_Project2.elf
 
Invoking: AVR Create Extended Listing
avr-objdump -h -S Mini_Project2.elf  >"Mini_Project2.lss"
Finished building: Mini_Project2.lss
 
Invoking: Print Size
avr-size --format=avr --mcu=atmega16 Mini_Project2.elf
AVR Memory Usage
----------------
Device: atmega16

Program:    6040 bytes (36.9% Full)
(.text + .data + .bootloader)

Data:         22 bytes (2.1% Full)
(.data + .bss + .noinit)


Finished building: sizedummy
 
